c:\users\mayuresh\source\repos\competitive\competitive\debug\vc142.pdb
c:\users\mayuresh\source\repos\competitive\competitive\debug\vc142.idb
c:\users\mayuresh\source\repos\competitive\competitive\debug\weird_algo.obj
c:\users\mayuresh\source\repos\competitive\competitive\debug\square_stars.obj
c:\users\mayuresh\source\repos\competitive\competitive\debug\main.obj
c:\users\mayuresh\source\repos\competitive\competitive\debug\file_sort_even_odd.obj
c:\users\mayuresh\source\repos\competitive\competitive\debug\files.obj
c:\users\mayuresh\source\repos\competitive\competitive\debug\digit_count.obj
c:\users\mayuresh\source\repos\competitive\competitive\debug\factors.obj
c:\users\mayuresh\source\repos\competitive\competitive\debug\sum_first_and_last_digit.obj
c:\users\mayuresh\source\repos\competitive\competitive\debug\even_digit_sum.obj
c:\users\mayuresh\source\repos\competitive\competitive\debug\factorial.obj
c:\users\mayuresh\source\repos\competitive\competitive\debug\palindrome.obj
c:\users\mayuresh\source\repos\competitive\competitive\debug\leap_year.obj
c:\users\mayuresh\source\repos\competitive\competitive\debug\miles_to_hours.obj
c:\users\mayuresh\source\repos\competitive\competitive\debug\kb_to_mb.obj
c:\users\mayuresh\source\repos\competitive\competitive\debug\missing_num.obj
c:\users\mayuresh\source\repos\competitive\competitive\debug\repetition.obj
c:\users\mayuresh\source\repos\competitive\competitive\debug\reverse.obj
c:\users\mayuresh\source\repos\competitive\competitive\debug\increasing_array.obj
c:\users\mayuresh\source\repos\competitive\competitive\debug\year_and_days.obj
c:\users\mayuresh\source\repos\competitive\competitive\debug\perfectnumber.obj
c:\users\mayuresh\source\repos\competitive\competitive\debug\armstrong.obj
c:\users\mayuresh\source\repos\competitive\debug\competitive.exe
c:\users\mayuresh\source\repos\competitive\debug\competitive.ilk
c:\users\mayuresh\source\repos\competitive\debug\competitive.pdb
c:\users\mayuresh\source\repos\competitive\competitive\debug\competitive.tlog\cl.command.1.tlog
c:\users\mayuresh\source\repos\competitive\competitive\debug\competitive.tlog\cl.read.1.tlog
c:\users\mayuresh\source\repos\competitive\competitive\debug\competitive.tlog\cl.write.1.tlog
c:\users\mayuresh\source\repos\competitive\competitive\debug\competitive.tlog\link.command.1.tlog
c:\users\mayuresh\source\repos\competitive\competitive\debug\competitive.tlog\link.read.1.tlog
c:\users\mayuresh\source\repos\competitive\competitive\debug\competitive.tlog\link.write.1.tlog
